==18136== Memcheck, a memory error detector
==18136== Copyright (C) 2002-2015, and GNU GPL'd, by Julian Seward et al.
==18136== Using Valgrind-3.11.0 and LibVEX; rerun with -h for copyright info
==18136== Command: sort
==18136== Parent PID: 15886
==18136== 
--18136-- 
--18136-- Valgrind options:
--18136--    --leak-check=full
--18136--    --log-file=logfile.out
--18136--    -v
--18136-- Contents of /proc/version:
--18136--   Linux version 4.4.0-93-generic (buildd@lgw01-03) (gcc version 5.4.0 20160609 (Ubuntu 5.4.0-6ubuntu1~16.04.4) ) #116-Ubuntu SMP Fri Aug 11 21:17:51 UTC 2017
--18136-- 
--18136-- Arch and hwcaps: AMD64, LittleEndian, amd64-cx16-sse3
--18136-- Page sizes: currently 4096, max supported 4096
--18136-- Valgrind library directory: /usr/lib/valgrind
--18136-- Reading syms from /usr/bin/sort
--18136--    object doesn't have a symbol table
--18136-- Reading syms from /lib/x86_64-linux-gnu/ld-2.23.so
--18136--   Considering /lib/x86_64-linux-gnu/ld-2.23.so ..
--18136--   .. CRC mismatch (computed 9bc477cd wanted 3da2f12a)
--18136--   Considering /usr/lib/debug/lib/x86_64-linux-gnu/ld-2.23.so ..
--18136--   .. CRC is valid
--18136-- Reading syms from /usr/lib/valgrind/memcheck-amd64-linux
--18136--   Considering /usr/lib/valgrind/memcheck-amd64-linux ..
--18136--   .. CRC mismatch (computed eea41ea9 wanted 2009db78)
--18136--    object doesn't have a symbol table
--18136--    object doesn't have a dynamic symbol table
--18136-- Scheduler: using generic scheduler lock implementation.
--18136-- Reading suppressions file: /usr/lib/valgrind/default.supp
==18136== embedded gdbserver: reading from /tmp/vgdb-pipe-from-vgdb-to-18136-by-egoss-on-???
==18136== embedded gdbserver: writing to   /tmp/vgdb-pipe-to-vgdb-from-18136-by-egoss-on-???
==18136== embedded gdbserver: shared mem   /tmp/vgdb-pipe-shared-mem-vgdb-18136-by-egoss-on-???
==18136== 
==18136== TO CONTROL THIS PROCESS USING vgdb (which you probably
==18136== don't want to do, unless you know exactly what you're doing,
==18136== or are doing some strange experiment):
==18136==   /usr/lib/valgrind/../../bin/vgdb --pid=18136 ...command...
==18136== 
==18136== TO DEBUG THIS PROCESS USING GDB: start GDB like this
==18136==   /path/to/gdb sort
==18136== and then give GDB the following command
==18136==   target remote | /usr/lib/valgrind/../../bin/vgdb --pid=18136
==18136== --pid is optional if only one valgrind process is running
==18136== 
--18136-- REDIR: 0x401cf90 (ld-linux-x86-64.so.2:strlen) redirected to 0x3809e181 (???)
--18136-- Reading syms from /usr/lib/valgrind/vgpreload_core-amd64-linux.so
--18136--   Considering /usr/lib/valgrind/vgpreload_core-amd64-linux.so ..
--18136--   .. CRC mismatch (computed 2567ccf6 wanted 49420590)
--18136--    object doesn't have a symbol table
--18136-- Reading syms from /usr/lib/valgrind/vgpreload_memcheck-amd64-linux.so
--18136--   Considering /usr/lib/valgrind/vgpreload_memcheck-amd64-linux.so ..
--18136--   .. CRC mismatch (computed 0e27c9a8 wanted ac585421)
--18136--    object doesn't have a symbol table
==18136== WARNING: new redirection conflicts with existing -- ignoring it
--18136--     old: 0x0401cf90 (strlen              ) R-> (0000.0) 0x3809e181 ???
--18136--     new: 0x0401cf90 (strlen              ) R-> (2007.0) 0x04c31020 strlen
--18136-- REDIR: 0x401b8e0 (ld-linux-x86-64.so.2:index) redirected to 0x4c30bc0 (index)
--18136-- REDIR: 0x401bb00 (ld-linux-x86-64.so.2:strcmp) redirected to 0x4c320d0 (strcmp)
--18136-- REDIR: 0x401dcf0 (ld-linux-x86-64.so.2:mempcpy) redirected to 0x4c35270 (mempcpy)
--18136-- Reading syms from /lib/x86_64-linux-gnu/libpthread-2.23.so
--18136--   Considering /usr/lib/debug/.build-id/27/f189ef8db8c3734c6a678e6ef3cb0b206d58b2.debug ..
--18136--   .. build-id is valid
--18136-- Reading syms from /lib/x86_64-linux-gnu/libc-2.23.so
--18136--   Considering /lib/x86_64-linux-gnu/libc-2.23.so ..
--18136--   .. CRC mismatch (computed b2979fac wanted 1affc958)
--18136--   Considering /usr/lib/debug/lib/x86_64-linux-gnu/libc-2.23.so ..
--18136--   .. CRC is valid
--18136-- REDIR: 0x50e6a00 (libc.so.6:strcasecmp) redirected to 0x4a286f0 (_vgnU_ifunc_wrapper)
--18136-- REDIR: 0x50e2280 (libc.so.6:strcspn) redirected to 0x4a286f0 (_vgnU_ifunc_wrapper)
--18136-- REDIR: 0x50e8cf0 (libc.so.6:strncasecmp) redirected to 0x4a286f0 (_vgnU_ifunc_wrapper)
--18136-- REDIR: 0x50e46f0 (libc.so.6:strpbrk) redirected to 0x4a286f0 (_vgnU_ifunc_wrapper)
--18136-- REDIR: 0x50e4a80 (libc.so.6:strspn) redirected to 0x4a286f0 (_vgnU_ifunc_wrapper)
--18136-- REDIR: 0x50e614b (libc.so.6:memcpy@GLIBC_2.2.5) redirected to 0x4a286f0 (_vgnU_ifunc_wrapper)
--18136-- REDIR: 0x50e4400 (libc.so.6:rindex) redirected to 0x4c308a0 (rindex)
--18136-- REDIR: 0x50e2720 (libc.so.6:strlen) redirected to 0x4c30f60 (strlen)
--18136-- REDIR: 0x50e0d10 (libc.so.6:__GI_strcmp) redirected to 0x4c31fe0 (__GI_strcmp)
--18136-- REDIR: 0x50e2b70 (libc.so.6:__GI_strncmp) redirected to 0x4c31710 (__GI_strncmp)
--18136-- REDIR: 0x50e0ab0 (libc.so.6:__GI_strchr) redirected to 0x4c30a00 (__GI_strchr)
--18136-- REDIR: 0x50e5860 (libc.so.6:memchr) redirected to 0x4c32170 (memchr)
--18136-- REDIR: 0x50ed760 (libc.so.6:strchrnul) redirected to 0x4c34da0 (strchrnul)
--18136-- REDIR: 0x50db130 (libc.so.6:malloc) redirected to 0x4c2db20 (malloc)
--18136-- REDIR: 0x50e63b0 (libc.so.6:__GI_mempcpy) redirected to 0x4c34fa0 (__GI_mempcpy)
--18136-- REDIR: 0x50eb470 (libc.so.6:__GI_memcpy) redirected to 0x4c32b00 (__GI_memcpy)
--18136-- REDIR: 0x50db4f0 (libc.so.6:free) redirected to 0x4c2ed80 (free)
--18136-- REDIR: 0x50e0cd0 (libc.so.6:strcmp) redirected to 0x4a286f0 (_vgnU_ifunc_wrapper)
--18136-- REDIR: 0x50f6570 (libc.so.6:__strcmp_sse2_unaligned) redirected to 0x4c31f90 (strcmp)
--18136-- REDIR: 0x50db6c0 (libc.so.6:realloc) redirected to 0x4c2fce0 (realloc)
--18136-- REDIR: 0x50e5bb0 (libc.so.6:bcmp) redirected to 0x4a286f0 (_vgnU_ifunc_wrapper)
--18136-- REDIR: 0x51c53f0 (libc.so.6:__memcmp_sse4_1) redirected to 0x4c33cd0 (__memcmp_sse4_1)
==18136== 
==18136== HEAP SUMMARY:
==18136==     in use at exit: 1,304 bytes in 17 blocks
==18136==   total heap usage: 51 allocs, 34 frees, 12,721,153 bytes allocated
==18136== 
==18136== Searching for pointers to 17 not-freed blocks
==18136== Checked 89,768 bytes
==18136== 
==18136== 8 bytes in 1 blocks are definitely lost in loss record 1 of 6
==18136==    at 0x4C2DB8F: malloc (in /usr/lib/valgrind/vgpreload_memcheck-amd64-linux.so)
==18136==    by 0x4110C8: ??? (in /usr/bin/sort)
==18136==    by 0x40444D: ??? (in /usr/bin/sort)
==18136==    by 0x507782F: (below main) (libc-start.c:291)
==18136== 
==18136== 1,120 (32 direct, 1,088 indirect) bytes in 1 blocks are definitely lost in loss record 6 of 6
==18136==    at 0x4C2DB8F: malloc (in /usr/lib/valgrind/vgpreload_memcheck-amd64-linux.so)
==18136==    by 0x4110C8: ??? (in /usr/bin/sort)
==18136==    by 0x40D313: ??? (in /usr/bin/sort)
==18136==    by 0x4046A2: ??? (in /usr/bin/sort)
==18136==    by 0x507782F: (below main) (libc-start.c:291)
==18136== 
==18136== LEAK SUMMARY:
==18136==    definitely lost: 40 bytes in 2 blocks
==18136==    indirectly lost: 1,088 bytes in 2 blocks
==18136==      possibly lost: 0 bytes in 0 blocks
==18136==    still reachable: 176 bytes in 13 blocks
==18136==         suppressed: 0 bytes in 0 blocks
==18136== Reachable blocks (those to which a pointer was found) are not shown.
==18136== To see them, rerun with: --leak-check=full --show-leak-kinds=all
==18136== 
==18136== ERROR SUMMARY: 2 errors from 2 contexts (suppressed: 0 from 0)
==18136== ERROR SUMMARY: 2 errors from 2 contexts (suppressed: 0 from 0)
